<?xml version="1.0" encoding="UTF-8"?>
<!-- Generated by org.testng.reporters.JUnitReportReporter -->
<testsuite hostname="NI-CNU409DTV0" failures="0" tests="1" name="parallelappium.Note4" time="2.299" errors="0" timestamp="2020-01-17T16:14:55 SGT" skipped="0">
  <testcase classname="parallelappium.Note4" name="sampleTest" time="2.299"/>
</testsuite> <!-- parallelappium.Note4 -->
