<?xml version="1.0" encoding="UTF-8"?>
<!-- Generated by org.testng.reporters.JUnitReportReporter -->
<testsuite hostname="NI-CNU409DTV0" failures="0" tests="1" name="parallelappium.S4" time="2.226" errors="0" timestamp="2020-01-17T16:14:55 SGT" skipped="0">
  <testcase classname="parallelappium.S4" name="sampleTest" time="2.226"/>
</testsuite> <!-- parallelappium.S4 -->
